<?xml version="1.0" encoding="UTF-8"?>
<!-- Generated by org.testng.reporters.JUnitReportReporter -->
<testsuite hostname="Zahangir-Alam" failures="0" tests="8" name="test.TestClass" time="46.795" errors="0" timestamp="2021-11-06T15:03:59 BDT" skipped="0">
  <testcase classname="test.TestClass" name="MainNavbar" time="8.512"/>
  <system-out/>
  <testcase classname="test.TestClass" name="enterIntoSportsBtn" time="6.393"/>
  <system-out/>
  <testcase classname="test.TestClass" name="enterIntoTvBtn" time="7.476"/>
  <system-out/>
  <testcase classname="test.TestClass" name="enterIntoKidsBtn" time="3.367"/>
  <system-out/>
  <testcase classname="test.TestClass" name="enterIntoMoviesBtn" time="8.328"/>
  <system-out/>
  <testcase classname="test.TestClass" name="enterIntoMusicBtn" time="3.155"/>
  <system-out/>
  <testcase classname="test.TestClass" name="enterIntoDiscoverBtn" time="4.198"/>
  <system-out/>
  <testcase classname="test.TestClass" name="enterIntoSearchBox" time="5.366"/>
  <system-out/>
</testsuite> <!-- test.TestClass -->
